[2017-01-11 21:16:04] production.ERROR: Symfony\Component\Console\Exception\CommandNotFoundException: Command "make:trait" is not defined.

Did you mean one of these?
    make:test
    make:auth
    make:console
    make:controller
    make:event
    make:job
    make:listener
    make:middleware
    make:model
    make:policy
    make:provider
    make:request
    make:seeder
    make:migration in C:\Users\theoko\Desktop\Projects\PHPigeon\vendor\symfony\console\Application.php:515
Stack trace:
#0 C:\Users\theoko\Desktop\Projects\PHPigeon\vendor\symfony\console\Application.php(183): Symfony\Component\Console\Application->find('make:trait')
#1 C:\Users\theoko\Desktop\Projects\PHPigeon\vendor\symfony\console\Application.php(117): Symfony\Component\Console\Application->doRun(Object(Symfony\Component\Console\Input\ArgvInput), Object(Symfony\Component\Console\Output\ConsoleOutput))
#2 C:\Users\theoko\Desktop\Projects\PHPigeon\vendor\laravel\framework\src\Illuminate\Foundation\Console\Kernel.php(107): Symfony\Component\Console\Application->run(Object(Symfony\Component\Console\Input\ArgvInput), Object(Symfony\Component\Console\Output\ConsoleOutput))
#3 C:\Users\theoko\Desktop\Projects\PHPigeon\artisan(35): Illuminate\Foundation\Console\Kernel->handle(Object(Symfony\Component\Console\Input\ArgvInput), Object(Symfony\Component\Console\Output\ConsoleOutput))
#4 {main}  
